<?xml version="1.0" encoding="UTF-8"?>
<testng-results ignored="0" total="1" passed="1" failed="0" skipped="0">
  <reporter-output>
  </reporter-output>
  <suite started-at="2025-01-22T11:58:22 IST" name="Default suite" finished-at="2025-01-22T11:58:31 IST" duration-ms="8897">
    <groups>
    </groups>
    <test started-at="2025-01-22T11:58:22 IST" name="Default test" finished-at="2025-01-22T11:58:31 IST" duration-ms="8897">
      <class name="ExtentReport.LoginDemoWeb">
        <test-method signature="login()[pri:0, instance:ExtentReport.LoginDemoWeb@689604d9]" started-at="2025-01-22T11:58:22 IST" name="login" finished-at="2025-01-22T11:58:31 IST" duration-ms="8849" status="PASS">
          <reporter-output>
          </reporter-output>
        </test-method> <!-- login -->
      </class> <!-- ExtentReport.LoginDemoWeb -->
    </test> <!-- Default test -->
  </suite> <!-- Default suite -->
</testng-results>
